modules/usage-stats/android/build/outputs/logs/manifest-merger-release-report.txt
-- Merging decision tree log ---
manifest
ADDED from ProcessLibraryManifest/release/tempAndroidManifest16433247345234546458.xml:2:13-83
INJECTED from ProcessLibraryManifest/release/tempAndroidManifest16433247345234546458.xml:2:13-83
	package
		INJECTED from ProcessLibraryManifest/release/tempAndroidManifest16433247345234546458.xml
	xmlns:android
		ADDED from ProcessLibraryManifest/release/tempAndroidManifest16433247345234546458.xml:2:23-81
uses-sdk
INJECTED from ProcessLibraryManifest/release/tempAndroidManifest16433247345234546458.xml reason: use-sdk injection requested
INJECTED from ProcessLibraryManifest/release/tempAndroidManifest16433247345234546458.xml
INJECTED from ProcessLibraryManifest/release/tempAndroidManifest16433247345234546458.xml
	android:targetSdkVersion
		INJECTED from ProcessLibraryManifest/release/tempAndroidManifest16433247345234546458.xml
	android:minSdkVersion
		INJECTED from ProcessLibraryManifest/release/tempAndroidManifest16433247345234546458.xml